<?xml version="1.0" encoding="UTF-8"?>
<robot generator="Robot 4.1.2 (Python 3.10.0 on win32)" generated="20211020 20:19:47.785" rpa="false" schemaversion="2">
<suite id="s1" name="Exercicios" source="C:\Users\PICHAU\Desktop\Curso Prime Hero\tests\exercicios.robot">
<test id="s1-t1" name="Cenario tomando Decisões">
<kw name="Tomar Decisões">
<for flavor="IN RANGE">
<var>${COUNT}</var>
<value>0</value>
<value>9</value>
<iter>
<var name="${COUNT}">0</var>
<if>
<branch type="IF" condition="'${COUNT}'=='5'">
<kw name="Log To Console" library="BuiltIn">
<arg>Estou no numero ${COUNT}</arg>
<doc>Logs the given message to the console.</doc>
<status status="NOT RUN" starttime="20211020 20:19:47.811" endtime="20211020 20:19:47.811"/>
</kw>
<status status="NOT RUN" starttime="20211020 20:19:47.811" endtime="20211020 20:19:47.811"/>
</branch>
<branch type="ELSE IF" condition="'${COUNT}'=='8'">
<kw name="Log To Console" library="BuiltIn">
<arg>Estou no numero ${COUNT}</arg>
<doc>Logs the given message to the console.</doc>
<status status="NOT RUN" starttime="20211020 20:19:47.811" endtime="20211020 20:19:47.811"/>
</kw>
<status status="NOT RUN" starttime="20211020 20:19:47.811" endtime="20211020 20:19:47.811"/>
</branch>
<branch type="ELSE">
<kw name="Log To Console" library="BuiltIn">
<arg>este não é o número 5 ou número 8</arg>
<doc>Logs the given message to the console.</doc>
<status status="PASS" starttime="20211020 20:19:47.811" endtime="20211020 20:19:47.812"/>
</kw>
<status status="PASS" starttime="20211020 20:19:47.811" endtime="20211020 20:19:47.812"/>
</branch>
<status status="PASS" starttime="20211020 20:19:47.810" endtime="20211020 20:19:47.812"/>
</if>
<status status="PASS" starttime="20211020 20:19:47.810" endtime="20211020 20:19:47.812"/>
</iter>
<iter>
<var name="${COUNT}">1</var>
<if>
<branch type="IF" condition="'${COUNT}'=='5'">
<kw name="Log To Console" library="BuiltIn">
<arg>Estou no numero ${COUNT}</arg>
<doc>Logs the given message to the console.</doc>
<status status="NOT RUN" starttime="20211020 20:19:47.812" endtime="20211020 20:19:47.813"/>
</kw>
<status status="NOT RUN" starttime="20211020 20:19:47.812" endtime="20211020 20:19:47.813"/>
</branch>
<branch type="ELSE IF" condition="'${COUNT}'=='8'">
<kw name="Log To Console" library="BuiltIn">
<arg>Estou no numero ${COUNT}</arg>
<doc>Logs the given message to the console.</doc>
<status status="NOT RUN" starttime="20211020 20:19:47.813" endtime="20211020 20:19:47.813"/>
</kw>
<status status="NOT RUN" starttime="20211020 20:19:47.813" endtime="20211020 20:19:47.813"/>
</branch>
<branch type="ELSE">
<kw name="Log To Console" library="BuiltIn">
<arg>este não é o número 5 ou número 8</arg>
<doc>Logs the given message to the console.</doc>
<status status="PASS" starttime="20211020 20:19:47.813" endtime="20211020 20:19:47.814"/>
</kw>
<status status="PASS" starttime="20211020 20:19:47.813" endtime="20211020 20:19:47.814"/>
</branch>
<status status="PASS" starttime="20211020 20:19:47.812" endtime="20211020 20:19:47.814"/>
</if>
<status status="PASS" starttime="20211020 20:19:47.812" endtime="20211020 20:19:47.814"/>
</iter>
<iter>
<var name="${COUNT}">2</var>
<if>
<branch type="IF" condition="'${COUNT}'=='5'">
<kw name="Log To Console" library="BuiltIn">
<arg>Estou no numero ${COUNT}</arg>
<doc>Logs the given message to the console.</doc>
<status status="NOT RUN" starttime="20211020 20:19:47.815" endtime="20211020 20:19:47.815"/>
</kw>
<status status="NOT RUN" starttime="20211020 20:19:47.815" endtime="20211020 20:19:47.815"/>
</branch>
<branch type="ELSE IF" condition="'${COUNT}'=='8'">
<kw name="Log To Console" library="BuiltIn">
<arg>Estou no numero ${COUNT}</arg>
<doc>Logs the given message to the console.</doc>
<status status="NOT RUN" starttime="20211020 20:19:47.815" endtime="20211020 20:19:47.815"/>
</kw>
<status status="NOT RUN" starttime="20211020 20:19:47.815" endtime="20211020 20:19:47.815"/>
</branch>
<branch type="ELSE">
<kw name="Log To Console" library="BuiltIn">
<arg>este não é o número 5 ou número 8</arg>
<doc>Logs the given message to the console.</doc>
<status status="PASS" starttime="20211020 20:19:47.815" endtime="20211020 20:19:47.816"/>
</kw>
<status status="PASS" starttime="20211020 20:19:47.815" endtime="20211020 20:19:47.816"/>
</branch>
<status status="PASS" starttime="20211020 20:19:47.814" endtime="20211020 20:19:47.816"/>
</if>
<status status="PASS" starttime="20211020 20:19:47.814" endtime="20211020 20:19:47.816"/>
</iter>
<iter>
<var name="${COUNT}">3</var>
<if>
<branch type="IF" condition="'${COUNT}'=='5'">
<kw name="Log To Console" library="BuiltIn">
<arg>Estou no numero ${COUNT}</arg>
<doc>Logs the given message to the console.</doc>
<status status="NOT RUN" starttime="20211020 20:19:47.817" endtime="20211020 20:19:47.818"/>
</kw>
<status status="NOT RUN" starttime="20211020 20:19:47.816" endtime="20211020 20:19:47.818"/>
</branch>
<branch type="ELSE IF" condition="'${COUNT}'=='8'">
<kw name="Log To Console" library="BuiltIn">
<arg>Estou no numero ${COUNT}</arg>
<doc>Logs the given message to the console.</doc>
<status status="NOT RUN" starttime="20211020 20:19:47.818" endtime="20211020 20:19:47.818"/>
</kw>
<status status="NOT RUN" starttime="20211020 20:19:47.818" endtime="20211020 20:19:47.819"/>
</branch>
<branch type="ELSE">
<kw name="Log To Console" library="BuiltIn">
<arg>este não é o número 5 ou número 8</arg>
<doc>Logs the given message to the console.</doc>
<status status="PASS" starttime="20211020 20:19:47.819" endtime="20211020 20:19:47.819"/>
</kw>
<status status="PASS" starttime="20211020 20:19:47.819" endtime="20211020 20:19:47.819"/>
</branch>
<status status="PASS" starttime="20211020 20:19:47.816" endtime="20211020 20:19:47.819"/>
</if>
<status status="PASS" starttime="20211020 20:19:47.816" endtime="20211020 20:19:47.819"/>
</iter>
<iter>
<var name="${COUNT}">4</var>
<if>
<branch type="IF" condition="'${COUNT}'=='5'">
<kw name="Log To Console" library="BuiltIn">
<arg>Estou no numero ${COUNT}</arg>
<doc>Logs the given message to the console.</doc>
<status status="NOT RUN" starttime="20211020 20:19:47.820" endtime="20211020 20:19:47.820"/>
</kw>
<status status="NOT RUN" starttime="20211020 20:19:47.820" endtime="20211020 20:19:47.820"/>
</branch>
<branch type="ELSE IF" condition="'${COUNT}'=='8'">
<kw name="Log To Console" library="BuiltIn">
<arg>Estou no numero ${COUNT}</arg>
<doc>Logs the given message to the console.</doc>
<status status="NOT RUN" starttime="20211020 20:19:47.820" endtime="20211020 20:19:47.820"/>
</kw>
<status status="NOT RUN" starttime="20211020 20:19:47.820" endtime="20211020 20:19:47.820"/>
</branch>
<branch type="ELSE">
<kw name="Log To Console" library="BuiltIn">
<arg>este não é o número 5 ou número 8</arg>
<doc>Logs the given message to the console.</doc>
<status status="PASS" starttime="20211020 20:19:47.820" endtime="20211020 20:19:47.821"/>
</kw>
<status status="PASS" starttime="20211020 20:19:47.820" endtime="20211020 20:19:47.821"/>
</branch>
<status status="PASS" starttime="20211020 20:19:47.819" endtime="20211020 20:19:47.821"/>
</if>
<status status="PASS" starttime="20211020 20:19:47.819" endtime="20211020 20:19:47.821"/>
</iter>
<iter>
<var name="${COUNT}">5</var>
<if>
<branch type="IF" condition="'${COUNT}'=='5'">
<kw name="Log To Console" library="BuiltIn">
<arg>Estou no numero ${COUNT}</arg>
<doc>Logs the given message to the console.</doc>
<status status="PASS" starttime="20211020 20:19:47.821" endtime="20211020 20:19:47.822"/>
</kw>
<status status="PASS" starttime="20211020 20:19:47.821" endtime="20211020 20:19:47.822"/>
</branch>
<branch type="ELSE IF" condition="'${COUNT}'=='8'">
<kw name="Log To Console" library="BuiltIn">
<arg>Estou no numero ${COUNT}</arg>
<doc>Logs the given message to the console.</doc>
<status status="NOT RUN" starttime="20211020 20:19:47.822" endtime="20211020 20:19:47.822"/>
</kw>
<status status="NOT RUN" starttime="20211020 20:19:47.822" endtime="20211020 20:19:47.822"/>
</branch>
<branch type="ELSE">
<kw name="Log To Console" library="BuiltIn">
<arg>este não é o número 5 ou número 8</arg>
<doc>Logs the given message to the console.</doc>
<status status="NOT RUN" starttime="20211020 20:19:47.822" endtime="20211020 20:19:47.822"/>
</kw>
<status status="NOT RUN" starttime="20211020 20:19:47.822" endtime="20211020 20:19:47.822"/>
</branch>
<status status="PASS" starttime="20211020 20:19:47.821" endtime="20211020 20:19:47.822"/>
</if>
<status status="PASS" starttime="20211020 20:19:47.821" endtime="20211020 20:19:47.822"/>
</iter>
<iter>
<var name="${COUNT}">6</var>
<if>
<branch type="IF" condition="'${COUNT}'=='5'">
<kw name="Log To Console" library="BuiltIn">
<arg>Estou no numero ${COUNT}</arg>
<doc>Logs the given message to the console.</doc>
<status status="NOT RUN" starttime="20211020 20:19:47.823" endtime="20211020 20:19:47.823"/>
</kw>
<status status="NOT RUN" starttime="20211020 20:19:47.823" endtime="20211020 20:19:47.823"/>
</branch>
<branch type="ELSE IF" condition="'${COUNT}'=='8'">
<kw name="Log To Console" library="BuiltIn">
<arg>Estou no numero ${COUNT}</arg>
<doc>Logs the given message to the console.</doc>
<status status="NOT RUN" starttime="20211020 20:19:47.823" endtime="20211020 20:19:47.823"/>
</kw>
<status status="NOT RUN" starttime="20211020 20:19:47.823" endtime="20211020 20:19:47.823"/>
</branch>
<branch type="ELSE">
<kw name="Log To Console" library="BuiltIn">
<arg>este não é o número 5 ou número 8</arg>
<doc>Logs the given message to the console.</doc>
<status status="PASS" starttime="20211020 20:19:47.823" endtime="20211020 20:19:47.824"/>
</kw>
<status status="PASS" starttime="20211020 20:19:47.823" endtime="20211020 20:19:47.824"/>
</branch>
<status status="PASS" starttime="20211020 20:19:47.822" endtime="20211020 20:19:47.824"/>
</if>
<status status="PASS" starttime="20211020 20:19:47.822" endtime="20211020 20:19:47.824"/>
</iter>
<iter>
<var name="${COUNT}">7</var>
<if>
<branch type="IF" condition="'${COUNT}'=='5'">
<kw name="Log To Console" library="BuiltIn">
<arg>Estou no numero ${COUNT}</arg>
<doc>Logs the given message to the console.</doc>
<status status="NOT RUN" starttime="20211020 20:19:47.824" endtime="20211020 20:19:47.824"/>
</kw>
<status status="NOT RUN" starttime="20211020 20:19:47.824" endtime="20211020 20:19:47.824"/>
</branch>
<branch type="ELSE IF" condition="'${COUNT}'=='8'">
<kw name="Log To Console" library="BuiltIn">
<arg>Estou no numero ${COUNT}</arg>
<doc>Logs the given message to the console.</doc>
<status status="NOT RUN" starttime="20211020 20:19:47.824" endtime="20211020 20:19:47.824"/>
</kw>
<status status="NOT RUN" starttime="20211020 20:19:47.824" endtime="20211020 20:19:47.824"/>
</branch>
<branch type="ELSE">
<kw name="Log To Console" library="BuiltIn">
<arg>este não é o número 5 ou número 8</arg>
<doc>Logs the given message to the console.</doc>
<status status="PASS" starttime="20211020 20:19:47.824" endtime="20211020 20:19:47.825"/>
</kw>
<status status="PASS" starttime="20211020 20:19:47.824" endtime="20211020 20:19:47.825"/>
</branch>
<status status="PASS" starttime="20211020 20:19:47.824" endtime="20211020 20:19:47.825"/>
</if>
<status status="PASS" starttime="20211020 20:19:47.824" endtime="20211020 20:19:47.825"/>
</iter>
<iter>
<var name="${COUNT}">8</var>
<if>
<branch type="IF" condition="'${COUNT}'=='5'">
<kw name="Log To Console" library="BuiltIn">
<arg>Estou no numero ${COUNT}</arg>
<doc>Logs the given message to the console.</doc>
<status status="NOT RUN" starttime="20211020 20:19:47.825" endtime="20211020 20:19:47.825"/>
</kw>
<status status="NOT RUN" starttime="20211020 20:19:47.825" endtime="20211020 20:19:47.825"/>
</branch>
<branch type="ELSE IF" condition="'${COUNT}'=='8'">
<kw name="Log To Console" library="BuiltIn">
<arg>Estou no numero ${COUNT}</arg>
<doc>Logs the given message to the console.</doc>
<status status="PASS" starttime="20211020 20:19:47.825" endtime="20211020 20:19:47.826"/>
</kw>
<status status="PASS" starttime="20211020 20:19:47.825" endtime="20211020 20:19:47.826"/>
</branch>
<branch type="ELSE">
<kw name="Log To Console" library="BuiltIn">
<arg>este não é o número 5 ou número 8</arg>
<doc>Logs the given message to the console.</doc>
<status status="NOT RUN" starttime="20211020 20:19:47.826" endtime="20211020 20:19:47.826"/>
</kw>
<status status="NOT RUN" starttime="20211020 20:19:47.826" endtime="20211020 20:19:47.826"/>
</branch>
<status status="PASS" starttime="20211020 20:19:47.825" endtime="20211020 20:19:47.826"/>
</if>
<status status="PASS" starttime="20211020 20:19:47.825" endtime="20211020 20:19:47.826"/>
</iter>
<status status="PASS" starttime="20211020 20:19:47.810" endtime="20211020 20:19:47.826"/>
</for>
<status status="PASS" starttime="20211020 20:19:47.810" endtime="20211020 20:19:47.826"/>
</kw>
<tag>TOMAR</tag>
<status status="PASS" starttime="20211020 20:19:47.809" endtime="20211020 20:19:47.827"/>
</test>
<doc>Neste arquivo estarão presentes todos exercícios de automação do curso</doc>
<status status="PASS" starttime="20211020 20:19:47.787" endtime="20211020 20:19:47.828"/>
</suite>
<statistics>
<total>
<stat pass="1" fail="0" skip="0">All Tests</stat>
</total>
<tag>
<stat pass="1" fail="0" skip="0">TOMAR</stat>
</tag>
<suite>
<stat pass="1" fail="0" skip="0" id="s1" name="Exercicios">Exercicios</stat>
</suite>
</statistics>
<errors>
</errors>
</robot>
